\BOOKMARK [0][-]{chapter.1}{Time-Series Predictability}{}% 1
\BOOKMARK [1][-]{section.1.1}{Concepts and models}{chapter.1}% 2
\BOOKMARK [2][-]{subsection.1.1.1}{Market Efficiency}{section.1.1}% 3
\BOOKMARK [2][-]{subsection.1.1.2}{Model: autocorrelation of returns}{section.1.1}% 4
\BOOKMARK [1][-]{section.1.2}{Autocorrelations in returns: empirical evidence}{chapter.1}% 5
\BOOKMARK [2][-]{subsection.1.2.1}{Positive autocorrelations}{section.1.2}% 6
\BOOKMARK [2][-]{subsection.1.2.2}{Negative autocorrelations}{section.1.2}% 7
\BOOKMARK [1][-]{section.1.3}{Excess volatility puzzle}{chapter.1}% 8
\BOOKMARK [1][-]{section.1.4}{Decomposing prices}{chapter.1}% 9
\BOOKMARK [2][-]{subsection.1.4.1}{Campbell-Schiller decomposition}{section.1.4}% 10
\BOOKMARK [2][-]{subsection.1.4.2}{Lettau-Ludvigson decomposition}{section.1.4}% 11
\BOOKMARK [1][-]{section.1.5}{Prediction zoo}{chapter.1}% 12
\BOOKMARK [1][-]{section.1.6}{Issues and extensions}{chapter.1}% 13
\BOOKMARK [2][-]{subsection.1.6.1}{Persistency of most regressors}{section.1.6}% 14
\BOOKMARK [2][-]{subsection.1.6.2}{Aggregate predictors without ex-ante choice}{section.1.6}% 15
\BOOKMARK [2][-]{subsection.1.6.3}{Instability in the prediction relation}{section.1.6}% 16
\BOOKMARK [2][-]{subsection.1.6.4}{Measurement}{section.1.6}% 17
\BOOKMARK [0][-]{chapter.2}{Cross-Section Predictability}{}% 18
\BOOKMARK [1][-]{section.2.1}{Section 1}{chapter.2}% 19
\BOOKMARK [0][-]{chapter.3}{GMM and Cross-section test}{}% 20
\BOOKMARK [1][-]{section.3.1}{Section 1}{chapter.3}% 21
\BOOKMARK [0][-]{chapter.4}{Advances in cross-section asset pricing}{}% 22
\BOOKMARK [1][-]{section.4.1}{Section 1}{chapter.4}% 23
\BOOKMARK [0][-]{chapter.5}{Consumption-based asset pricing}{}% 24
\BOOKMARK [1][-]{section.5.1}{Section 1}{chapter.5}% 25
\BOOKMARK [0][-]{chapter.6}{Term structure of returns}{}% 26
\BOOKMARK [1][-]{section.6.1}{Section 1}{chapter.6}% 27
\BOOKMARK [0][-]{chapter.7}{Learning}{}% 28
\BOOKMARK [1][-]{section.7.1}{Section 1}{chapter.7}% 29
\BOOKMARK [0][-]{chapter.8}{Currencies: time-series and cross-section}{}% 30
\BOOKMARK [1][-]{section.8.1}{Section 1}{chapter.8}% 31
\BOOKMARK [0][-]{chapter.9}{Intermediary-based asset pricing}{}% 32
\BOOKMARK [1][-]{section.9.1}{Section 1}{chapter.9}% 33
\BOOKMARK [0][-]{chapter.10}{finance and big data}{}% 34
\BOOKMARK [1][-]{section.10.1}{Section 1}{chapter.10}% 35
\BOOKMARK [0][-]{section.10.1}{Bibliography}{}% 36
